<?xml version="1.0" encoding="utf-8"?>
<TestRun id="9d6c63a5-09a3-478b-87e8-8009e14f8f7f" name="@LON-1996 2019-02-01 11:34:53" xmlns="http://microsoft.com/schemas/VisualStudio/TeamTest/2010">
  <Times creation="2019-02-01T11:34:53.9815390+00:00" queuing="2019-02-01T11:34:53.9815390+00:00" start="2019-02-01T11:34:52.4950350+00:00" finish="2019-02-01T11:34:53.9970130+00:00" />
  <TestSettings name="default" id="73b803b5-e958-4c59-a5fd-49609d37b709">
    <Deployment runDeploymentRoot="_LON-1996_2019-02-01_11_34_53" />
  </TestSettings>
  <Results>
    <UnitTestResult executionId="1f76b85e-b32f-4f95-9849-5a21c4c98bcd" testId="d78e2bc1-e9a0-c414-c88c-7809c55a2bd6" testName="Adding two numbers() [03] And the number 2" computerName="LON-1996" duration="00:00:00.0010000" startTime="2019-02-01T11:34:53.8375700+00:00" endTime="2019-02-01T11:34:53.8375710+00:00" testType="13cdc9d9-ddb5-4fa4-a97d-d965ccfc6d4b" outcome="Passed" testListId="8c84fa94-04c1-424b-9868-57a2d4851a1d" relativeResultsDirectory="1f76b85e-b32f-4f95-9849-5a21c4c98bcd" />
    <UnitTestResult executionId="730bb6d5-7226-46fc-abc6-270c08f4ef3a" testId="d78e2bc1-e9a0-c414-c88c-7809c55a2bd6" testName="Adding two numbers() [05] Then the answer is 3" computerName="LON-1996" duration="00:00:00.0060000" startTime="2019-02-01T11:34:53.8376120+00:00" endTime="2019-02-01T11:34:53.8376120+00:00" testType="13cdc9d9-ddb5-4fa4-a97d-d965ccfc6d4b" outcome="Passed" testListId="8c84fa94-04c1-424b-9868-57a2d4851a1d" relativeResultsDirectory="730bb6d5-7226-46fc-abc6-270c08f4ef3a" />
    <UnitTestResult executionId="ee6bd035-eeb2-4579-a72a-37bfb193f655" testId="d78e2bc1-e9a0-c414-c88c-7809c55a2bd6" testName="Adding two numbers() [01] (Background) Given a calculator" computerName="LON-1996" duration="00:00:00.0040000" startTime="2019-02-01T11:34:53.8305760+00:00" endTime="2019-02-01T11:34:53.8305760+00:00" testType="13cdc9d9-ddb5-4fa4-a97d-d965ccfc6d4b" outcome="Passed" testListId="8c84fa94-04c1-424b-9868-57a2d4851a1d" relativeResultsDirectory="ee6bd035-eeb2-4579-a72a-37bfb193f655" />
    <UnitTestResult executionId="a107222d-b959-4390-9a2d-a3d1516ddab8" testId="d78e2bc1-e9a0-c414-c88c-7809c55a2bd6" testName="Adding two numbers() [04] When I add the numbers together" computerName="LON-1996" duration="00:00:00.0010000" startTime="2019-02-01T11:34:53.8375950+00:00" endTime="2019-02-01T11:34:53.8375950+00:00" testType="13cdc9d9-ddb5-4fa4-a97d-d965ccfc6d4b" outcome="Passed" testListId="8c84fa94-04c1-424b-9868-57a2d4851a1d" relativeResultsDirectory="a107222d-b959-4390-9a2d-a3d1516ddab8" />
    <UnitTestResult executionId="e5449115-3852-4bb1-8050-299a03b152a5" testId="d78e2bc1-e9a0-c414-c88c-7809c55a2bd6" testName="Adding two numbers() [02] Given the number 1" computerName="LON-1996" duration="00:00:00.0020000" startTime="2019-02-01T11:34:53.8370440+00:00" endTime="2019-02-01T11:34:53.8370450+00:00" testType="13cdc9d9-ddb5-4fa4-a97d-d965ccfc6d4b" outcome="Passed" testListId="8c84fa94-04c1-424b-9868-57a2d4851a1d" relativeResultsDirectory="e5449115-3852-4bb1-8050-299a03b152a5">
      <Output>
        <StdOut>Ctor</StdOut>
      </Output>
    </UnitTestResult>
  </Results>
  <TestDefinitions>
    <UnitTest name="Adding two numbers" storage="/users/ben.foster/source/demos/bddshowdown/test/bddshowdown.tests.xbehave/bin/debug/netcoreapp2.1/bddshowdown.tests.xbehave.dll" id="d78e2bc1-e9a0-c414-c88c-7809c55a2bd6">
      <Execution id="ee6bd035-eeb2-4579-a72a-37bfb193f655" />
      <TestMethod codeBase="/Users/ben.foster/source/demos/BddShowdown/test/BddShowdown.Tests.XBehave/bin/Debug/netcoreapp2.1/BddShowdown.Tests.XBehave.dll" adapterTypeName="executor://xunit/VsTestRunner2/netcoreapp" className="BddShowdown.Tests.CalculatorFeature" name="Adding two numbers" />
    </UnitTest>
  </TestDefinitions>
  <TestEntries>
    <TestEntry testId="d78e2bc1-e9a0-c414-c88c-7809c55a2bd6" executionId="1f76b85e-b32f-4f95-9849-5a21c4c98bcd" testListId="8c84fa94-04c1-424b-9868-57a2d4851a1d" />
    <TestEntry testId="d78e2bc1-e9a0-c414-c88c-7809c55a2bd6" executionId="730bb6d5-7226-46fc-abc6-270c08f4ef3a" testListId="8c84fa94-04c1-424b-9868-57a2d4851a1d" />
    <TestEntry testId="d78e2bc1-e9a0-c414-c88c-7809c55a2bd6" executionId="ee6bd035-eeb2-4579-a72a-37bfb193f655" testListId="8c84fa94-04c1-424b-9868-57a2d4851a1d" />
    <TestEntry testId="d78e2bc1-e9a0-c414-c88c-7809c55a2bd6" executionId="a107222d-b959-4390-9a2d-a3d1516ddab8" testListId="8c84fa94-04c1-424b-9868-57a2d4851a1d" />
    <TestEntry testId="d78e2bc1-e9a0-c414-c88c-7809c55a2bd6" executionId="e5449115-3852-4bb1-8050-299a03b152a5" testListId="8c84fa94-04c1-424b-9868-57a2d4851a1d" />
  </TestEntries>
  <TestLists>
    <TestList name="Results Not in a List" id="8c84fa94-04c1-424b-9868-57a2d4851a1d" />
    <TestList name="All Loaded Results" id="19431567-8539-422a-85d7-44ee4e166bda" />
  </TestLists>
  <ResultSummary outcome="Completed">
    <Counters total="5" executed="5" passed="5" failed="0" error="0" timeout="0" aborted="0" inconclusive="0" passedButRunAborted="0" notRunnable="0" notExecuted="0" disconnected="0" warning="0" completed="0" inProgress="0" pending="0" />
    <Output>
      <StdOut>[xUnit.net 00:00:00.00] xUnit.net VSTest Adapter v2.4.0 (64-bit .NET Core 4.6.27019.06)[xUnit.net 00:00:00.46]   Discovering: BddShowdown.Tests.XBehave[xUnit.net 00:00:00.51]   Discovered:  BddShowdown.Tests.XBehave[xUnit.net 00:00:00.52]   Starting:    BddShowdown.Tests.XBehave[xUnit.net 00:00:00.71]   Finished:    BddShowdown.Tests.XBehave</StdOut>
    </Output>
  </ResultSummary>
</TestRun>